0.059479 149
0.000144 27
2.658088 1
0.021041 1
0.885106 1
0.727210 1
0.063997 1
0.091032 1
0.284307 9
0.435480 2
0.020965 11
0.000268 298
0.000094 86
1.716815 1
0.104099 2
0.001632 11
0.000135 43
3.006727 11
0.000065 30
3.002857 86
3.010517 11
0.000064 300
0.000014 84
1.746287 1
0.099189 2
0.001660 11
0.000158 65
3.017499 11
0.000142 30
3.001868 86
3.007023 11
0.000139 300
0.000103 84
1.963682 1
0.147278 2
0.001669 11
0.000074 48
3.007003 49
0.001409 11
0.000074 30
2.004782 73
0.000018 2
3.005634 11
0.000127 233
0.000003 65
0.000024 2
0.000059 84
2.385111 1
0.678129 2
0.001694 11
0.001205 54
5.006554 11
0.001147 11
0.000063 197
0.000009 36
0.000004 65
0.000019 2
0.000048 84
2.663041 1
0.019501 2
0.002483 1
0.108967 1
0.019286 1
0.058594 1
0.016856 1
0.007086 1
0.019915 1
0.056190 1
0.057937 1
0.038316 1
0.928252 2
0.000121 49
0.000009 45
3.005424 11
0.000121 41
0.000039 259
0.000026 84
2.837294 1
0.515022 1
0.101056 1
0.553214 2
0.000110 94
3.006306 11
0.000165 197
0.000006 67
0.000020 36
0.000031 84
1.853286 1
1.000157 2
0.001603 11
0.000218 75
3.005780 11
0.006285 133
0.000082 27
1.271245 6
